2020-06-28 02:05:16.437  INFO 1068 --- [main] com.example.demo.DemoApplication         : Starting DemoApplication on Pops-PC with PID 1068 (D:\M\U\Teaching\Spring_Boot\Data\StsProjetcs\Spring-Boot-Logging\target\classes started by Pops in D:\M\U\Teaching\Spring_Boot\Data\StsProjetcs\Spring-Boot-Logging)
2020-06-28 02:05:16.450  INFO 1068 --- [main] com.example.demo.DemoApplication         : No active profile set, falling back to default profiles: default
2020-06-28 02:05:22.906  INFO 1068 --- [main] .s.d.r.c.RepositoryConfigurationDelegate : Bootstrapping Spring Data JPA repositories in DEFAULT mode.
2020-06-28 02:05:23.245  INFO 1068 --- [main] .s.d.r.c.RepositoryConfigurationDelegate : Finished Spring Data repository scanning in 308ms. Found 3 JPA repository interfaces.
2020-06-28 02:05:26.639  INFO 1068 --- [main] o.s.b.w.embedded.tomcat.TomcatWebServer  : Tomcat initialized with port(s): 8080 (http)
2020-06-28 02:05:26.678  INFO 1068 --- [main] o.apache.catalina.core.StandardService   : Starting service [Tomcat]
2020-06-28 02:05:26.695  INFO 1068 --- [main] org.apache.catalina.core.StandardEngine  : Starting Servlet engine: [Apache Tomcat/9.0.33]
2020-06-28 02:05:27.455  INFO 1068 --- [main] o.a.c.c.C.[Tomcat].[localhost].[/]       : Initializing Spring embedded WebApplicationContext
2020-06-28 02:05:27.458  INFO 1068 --- [main] o.s.web.context.ContextLoader            : Root WebApplicationContext: initialization completed in 10479 ms
2020-06-28 02:05:28.632  INFO 1068 --- [main] com.zaxxer.hikari.HikariDataSource       : HikariPool-1 - Starting...
2020-06-28 02:05:29.629  INFO 1068 --- [main] com.zaxxer.hikari.HikariDataSource       : HikariPool-1 - Start completed.
2020-06-28 02:05:30.165  INFO 1068 --- [main] o.hibernate.jpa.internal.util.LogHelper  : HHH000204: Processing PersistenceUnitInfo [name: default]
2020-06-28 02:05:30.501  INFO 1068 --- [main] org.hibernate.Version                    : HHH000412: Hibernate ORM core version 5.4.12.Final
2020-06-28 02:05:30.990  INFO 1068 --- [main] o.hibernate.annotations.common.Version   : HCANN000001: Hibernate Commons Annotations {5.1.0.Final}
2020-06-28 02:05:31.443  INFO 1068 --- [main] org.hibernate.dialect.Dialect            : HHH000400: Using dialect: org.hibernate.dialect.MySQL5Dialect
2020-06-28 02:05:34.535  INFO 1068 --- [main] o.h.e.t.j.p.i.JtaPlatformInitiator       : HHH000490: Using JtaPlatform implementation: [org.hibernate.engine.transaction.jta.platform.internal.NoJtaPlatform]
2020-06-28 02:05:34.647  INFO 1068 --- [main] j.LocalContainerEntityManagerFactoryBean : Initialized JPA EntityManagerFactory for persistence unit 'default'
2020-06-28 02:05:38.528  WARN 1068 --- [main] JpaBaseConfiguration$JpaWebConfiguration : spring.jpa.open-in-view is enabled by default. Therefore, database queries may be performed during view rendering. Explicitly configure spring.jpa.open-in-view to disable this warning
2020-06-28 02:05:39.216  INFO 1068 --- [main] pertySourcedRequestMappingHandlerMapping : Mapped URL path [/v2/api-docs] onto method [springfox.documentation.swagger2.web.Swagger2Controller#getDocumentation(String, HttpServletRequest)]
2020-06-28 02:05:39.901  INFO 1068 --- [main] o.s.s.concurrent.ThreadPoolTaskExecutor  : Initializing ExecutorService 'applicationTaskExecutor'
2020-06-28 02:05:40.569  INFO 1068 --- [main] d.s.w.p.DocumentationPluginsBootstrapper : Context refreshed
2020-06-28 02:05:40.732  INFO 1068 --- [main] d.s.w.p.DocumentationPluginsBootstrapper : Found 1 custom documentation plugin(s)
2020-06-28 02:05:40.971  INFO 1068 --- [main] s.d.s.w.s.ApiListingReferenceScanner     : Scanning for api listing references
2020-06-28 02:05:42.055  INFO 1068 --- [main] .d.s.w.r.o.CachingOperationNameGenerator : Generating unique operation named: deleteStudentUsingDELETE_1
2020-06-28 02:05:42.438  INFO 1068 --- [main] o.s.b.w.embedded.tomcat.TomcatWebServer  : Tomcat started on port(s): 8080 (http) with context path ''
2020-06-28 02:05:42.468  INFO 1068 --- [main] com.example.demo.DemoApplication         : Started DemoApplication in 28.198 seconds (JVM running for 31.779)
2020-06-28 02:05:52.949  INFO 1068 --- [http-nio-8080-exec-4] o.a.c.c.C.[Tomcat].[localhost].[/]       : Initializing Spring DispatcherServlet 'dispatcherServlet'
2020-06-28 02:05:52.952  INFO 1068 --- [http-nio-8080-exec-4] o.s.web.servlet.DispatcherServlet        : Initializing Servlet 'dispatcherServlet'
2020-06-28 02:05:53.166  INFO 1068 --- [http-nio-8080-exec-4] o.s.web.servlet.DispatcherServlet        : Completed initialization in 203 ms
2020-06-28 02:05:53.889  INFO 1068 --- [http-nio-8080-exec-4] c.example.controller.StudentController   : inQueryRequest = InQueryRequest(firstNames=[john, Raj])
2020-06-28 02:05:54.594  INFO 1068 --- [http-nio-8080-exec-4] c.example.controller.StudentController   : studentResponseList = [StudentResponse(id=1, firstName=John, lastName=Smith, email=john@gmail.com, street=Happy Street, city=Delhi, learningSubjects=[SubjectResponse(id=1, subjectName=Java, marksObtained=80.0), SubjectResponse(id=2, subjectName=MySQL, marksObtained=70.0)])]
2020-06-28 02:10:37.617  INFO 1068 --- [RMI TCP Connection(2)-127.0.0.1] inMXBeanRegistrar$SpringApplicationAdmin : Application shutdown requested.
2020-06-28 02:10:37.625  INFO 1068 --- [RMI TCP Connection(2)-127.0.0.1] o.s.s.concurrent.ThreadPoolTaskExecutor  : Shutting down ExecutorService 'applicationTaskExecutor'
2020-06-28 02:10:37.631  INFO 1068 --- [RMI TCP Connection(2)-127.0.0.1] j.LocalContainerEntityManagerFactoryBean : Closing JPA EntityManagerFactory for persistence unit 'default'
2020-06-28 02:10:37.637  INFO 1068 --- [RMI TCP Connection(2)-127.0.0.1] com.zaxxer.hikari.HikariDataSource       : HikariPool-1 - Shutdown initiated...
2020-06-28 02:10:37.653  INFO 1068 --- [RMI TCP Connection(2)-127.0.0.1] com.zaxxer.hikari.HikariDataSource       : HikariPool-1 - Shutdown completed.
